<?xml version="1.0" encoding="UTF-8"?>
<testsuite xmlns:xsi="http://www.w3.org/2001/XMLSchema-instance" xsi:noNamespaceSchemaLocation="https://maven.apache.org/surefire/maven-surefire-plugin/xsd/surefire-test-report-3.0.xsd" version="3.0" name="dao.LibroDaoTest" time="0.424" tests="1" errors="0" skipped="0" failures="0">
  <properties>
[...]
</properties>
  <testcase name="testBuscarTodosLibros" classname="dao.LibroDaoTest" time="0.399">
    <system-out><![CDATA[Libro{libro_id=1, isbn='3888580894', titulo='Cien años de soledad', autor=Autor{autor_id=1, nombre='Gabriel García Márquez'}, link_imagen='https://i.postimg.cc/0289XLbZ/1-Cien-a-os-de-soledad.jpg', descripcion='Novela icónica que sigue la historia de la familia Buendía en el pueblo ficticio de Macondo.', stock=2}
Libro{libro_id=2, isbn='5215707454', titulo='El amor en los tiempos del cólera', autor=Autor{autor_id=1, nombre='Gabriel García Márquez'}, link_imagen='https://i.postimg.cc/vZTbbf7V/2-el-amor-en-tiempos-de-c-lera.jpg', descripcion='Historia de amor entre Fermina Daza y Florentino Ariza que abarca varias décadas.', stock=3}
Libro{libro_id=3, isbn='2997016528', titulo='Crónica de una muerte anunciada', autor=Autor{autor_id=1, nombre='Gabriel García Márquez'}, link_imagen='https://i.postimg.cc/5NnbhnzJ/3-Cr-nica-de-una-muerte-anunciada.jpg', descripcion='Historia sobre la muerte de Santiago Nasar, narrada como una crónica periodística.', stock=3}
]]></system-out>
  </testcase>
</testsuite>